<?xml version="1.0" encoding="UTF-8"?>
<testng-results skipped="0" failed="0" ignored="0" total="2" passed="2">
  <reporter-output>
  </reporter-output>
  <suite name="Suite" duration-ms="53465" started-at="2018-11-26T17:35:05Z" finished-at="2018-11-26T17:35:58Z">
    <groups>
    </groups>
    <test name="LoginTest" duration-ms="53465" started-at="2018-11-26T17:35:05Z" finished-at="2018-11-26T17:35:58Z">
      <class name="COM_AAA_CCC.maventest2.LoginTests">
        <test-method status="PASS" signature="setup()[pri:0, instance:COM_AAA_CCC.maventest2.LoginTests@64616ca2]" name="setup" is-config="true" duration-ms="6922" started-at="2018-11-26T17:35:05Z" finished-at="2018-11-26T17:35:12Z">
          <reporter-output>
          </reporter-output>
        </test-method> <!-- setup -->
        <test-method status="PASS" signature="invalidLoginTest_InvalidUserNameInvalidPassword()[pri:0, instance:COM_AAA_CCC.maventest2.LoginTests@64616ca2]" name="invalidLoginTest_InvalidUserNameInvalidPassword" duration-ms="24478" started-at="2018-11-26T17:35:12Z" finished-at="2018-11-26T17:35:36Z">
          <reporter-output>
          </reporter-output>
        </test-method> <!-- invalidLoginTest_InvalidUserNameInvalidPassword -->
        <test-method status="PASS" signature="invalidLoginTest_EmptyUserEmptyPassword()[pri:1, instance:COM_AAA_CCC.maventest2.LoginTests@64616ca2]" name="invalidLoginTest_EmptyUserEmptyPassword" duration-ms="21001" started-at="2018-11-26T17:35:36Z" finished-at="2018-11-26T17:35:57Z">
          <reporter-output>
          </reporter-output>
        </test-method> <!-- invalidLoginTest_EmptyUserEmptyPassword -->
        <test-method status="PASS" signature="teardown()[pri:0, instance:COM_AAA_CCC.maventest2.LoginTests@64616ca2]" name="teardown" is-config="true" duration-ms="1031" started-at="2018-11-26T17:35:57Z" finished-at="2018-11-26T17:35:58Z">
          <reporter-output>
          </reporter-output>
        </test-method> <!-- teardown -->
      </class> <!-- COM_AAA_CCC.maventest2.LoginTests -->
    </test> <!-- LoginTest -->
  </suite> <!-- Suite -->
</testng-results>
