<?xml version="1.0" encoding="UTF-8"?>
<testsuite xmlns:xsi="http://www.w3.org/2001/XMLSchema-instance" xsi:noNamespaceSchemaLocation="https://maven.apache.org/surefire/maven-surefire-plugin/xsd/surefire-test-report.xsd" name="TestSuite" time="54.866" tests="2" errors="0" skipped="0" failures="0">
  <properties>
[...]
</properties>
  <testcase name="invalidLoginTest_InvalidUserNameInvalidPassword" classname="COM_AAA_CCC.maventest2.LoginTests" time="24.48"/>
  <testcase name="invalidLoginTest_EmptyUserEmptyPassword" classname="COM_AAA_CCC.maventest2.LoginTests" time="21"/>
</testsuite>